# JRE version: OpenJDK Runtime Environment (11.0.10) (build 11.0.10+0-b96-7249189)
# Java VM: OpenJDK 64-Bit Server VM (11.0.10+0-b96-7249189, mixed mode, tiered, compressed oops, g1 gc, windows-amd64)
Heap:
 garbage-first heap   total 258048K, used 98144K [0x0000000080000000, 0x0000000100000000)
  region size 1024K, 15 young (15360K), 7 survivors (7168K)
 Metaspace       used 99753K, capacity 102333K, committed 102528K, reserved 1138688K
  class space    used 13160K, capacity 14146K, committed 14208K, reserved 1048576K
GC Heap History (20 events):
Event: 2.880 GC heap before
{Heap before GC invocations=6 (full 0):
 garbage-first heap   total 258048K, used 55440K [0x0000000080000000, 0x0000000100000000)
  region size 1024K, 40 young (40960K), 4 survivors (4096K)
 Metaspace       used 34779K, capacity 35612K, committed 35840K, reserved 1081344K
  class space    used 4525K, capacity 4834K, committed 4864K, reserved 1048576K
}
Event: 2.886 GC heap after
{Heap after GC invocations=7 (full 0):
 garbage-first heap   total 258048K, used 22069K [0x0000000080000000, 0x0000000100000000)
  region size 1024K, 7 young (7168K), 7 survivors (7168K)
 Metaspace       used 34779K, capacity 35612K, committed 35840K, reserved 1081344K
  class space    used 4525K, capacity 4834K, committed 4864K, reserved 1048576K
}
Event: 3.906 GC heap before
{Heap before GC invocations=8 (full 0):
 garbage-first heap   total 258048K, used 130613K [0x0000000080000000, 0x0000000100000000)
  region size 1024K, 113 young (115712K), 7 survivors (7168K)
 Metaspace       used 43739K, capacity 44802K, committed 45056K, reserved 1087488K
  class space    used 5708K, capacity 6119K, committed 6144K, reserved 1048576K
}
Event: 3.914 GC heap after
{Heap after GC invocations=9 (full 0):
 garbage-first heap   total 258048K, used 27571K [0x0000000080000000, 0x0000000100000000)
  region size 1024K, 12 young (12288K), 12 survivors (12288K)
 Metaspace       used 43739K, capacity 44802K, committed 45056K, reserved 1087488K
  class space    used 5708K, capacity 6119K, committed 6144K, reserved 1048576K
}
Event: 5.314 GC heap before
{Heap before GC invocations=9 (full 0):
 garbage-first heap   total 258048K, used 178099K [0x0000000080000000, 0x0000000100000000)
  region size 1024K, 151 young (154624K), 12 survivors (12288K)
 Metaspace       used 51899K, capacity 53229K, committed 53376K, reserved 1095680K
  class space    used 6741K, capacity 7261K, committed 7296K, reserved 1048576K
}
Event: 5.327 GC heap after
{Heap after GC invocations=10 (full 0):
 garbage-first heap   total 258048K, used 47315K [0x0000000080000000, 0x0000000100000000)
  region size 1024K, 19 young (19456K), 19 survivors (19456K)
 Metaspace       used 51899K, capacity 53229K, committed 53376K, reserved 1095680K
  class space    used 6741K, capacity 7261K, committed 7296K, reserved 1048576K
}
Event: 5.868 GC heap before
{Heap before GC invocations=10 (full 0):
 garbage-first heap   total 258048K, used 97491K [0x0000000080000000, 0x0000000100000000)
  region size 1024K, 69 young (70656K), 19 survivors (19456K)
 Metaspace       used 58381K, capacity 59782K, committed 59904K, reserved 1101824K
  class space    used 7537K, capacity 8079K, committed 8192K, reserved 1048576K
}
Event: 5.888 GC heap after
{Heap after GC invocations=11 (full 0):
 garbage-first heap   total 258048K, used 51308K [0x0000000080000000, 0x0000000100000000)
  region size 1024K, 4 young (4096K), 4 survivors (4096K)
 Metaspace       used 58381K, capacity 59782K, committed 59904K, reserved 1101824K
  class space    used 7537K, capacity 8079K, committed 8192K, reserved 1048576K
}
Event: 7.070 GC heap before
{Heap before GC invocations=12 (full 0):
 garbage-first heap   total 258048K, used 154732K [0x0000000080000000, 0x0000000100000000)
  region size 1024K, 105 young (107520K), 4 survivors (4096K)
 Metaspace       used 69079K, capacity 70681K, committed 70784K, reserved 1110016K
  class space    used 8893K, capacity 9499K, committed 9600K, reserved 1048576K
}
Event: 7.076 GC heap after
{Heap after GC invocations=13 (full 0):
 garbage-first heap   total 258048K, used 56294K [0x0000000080000000, 0x0000000100000000)
  region size 1024K, 9 young (9216K), 9 survivors (9216K)
 Metaspace       used 69079K, capacity 70681K, committed 70784K, reserved 1110016K
  class space    used 8893K, capacity 9499K, committed 9600K, reserved 1048576K
}
Event: 8.131 GC heap before
{Heap before GC invocations=14 (full 0):
 garbage-first heap   total 258048K, used 164838K [0x0000000080000000, 0x0000000100000000)
  region size 1024K, 115 young (117760K), 9 survivors (9216K)
 Metaspace       used 78157K, capacity 79912K, committed 80128K, reserved 1118208K
  class space    used 10255K, capacity 10966K, committed 11008K, reserved 1048576K
}
Event: 8.141 GC heap after
{Heap after GC invocations=15 (full 0):
 garbage-first heap   total 258048K, used 64679K [0x0000000080000000, 0x0000000100000000)
  region size 1024K, 15 young (15360K), 15 survivors (15360K)
 Metaspace       used 78157K, capacity 79912K, committed 80128K, reserved 1118208K
  class space    used 10255K, capacity 10966K, committed 11008K, reserved 1048576K
}
Event: 9.208 GC heap before
{Heap before GC invocations=15 (full 0):
 garbage-first heap   total 258048K, used 173223K [0x0000000080000000, 0x0000000100000000)
  region size 1024K, 122 young (124928K), 15 survivors (15360K)
 Metaspace       used 86139K, capacity 88147K, committed 88448K, reserved 1126400K
  class space    used 11316K, capacity 12100K, committed 12160K, reserved 1048576K
}
Event: 9.222 GC heap after
{Heap after GC invocations=16 (full 0):
 garbage-first heap   total 258048K, used 72703K [0x0000000080000000, 0x0000000100000000)
  region size 1024K, 16 young (16384K), 16 survivors (16384K)
 Metaspace       used 86139K, capacity 88147K, committed 88448K, reserved 1126400K
  class space    used 11316K, capacity 12100K, committed 12160K, reserved 1048576K
}
Event: 9.835 GC heap before
{Heap before GC invocations=16 (full 0):
 garbage-first heap   total 258048K, used 180223K [0x0000000080000000, 0x0000000100000000)
  region size 1024K, 122 young (124928K), 16 survivors (16384K)
 Metaspace       used 87050K, capacity 89111K, committed 89344K, reserved 1126400K
  class space    used 11372K, capacity 12162K, committed 12288K, reserved 1048576K
}
Event: 9.847 GC heap after
{Heap after GC invocations=17 (full 0):
 garbage-first heap   total 258048K, used 79759K [0x0000000080000000, 0x0000000100000000)
  region size 1024K, 10 young (10240K), 10 survivors (10240K)
 Metaspace       used 87050K, capacity 89111K, committed 89344K, reserved 1126400K
  class space    used 11372K, capacity 12162K, committed 12288K, reserved 1048576K
}
Event: 16.507 GC heap before
{Heap before GC invocations=17 (full 0):
 garbage-first heap   total 258048K, used 186255K [0x0000000080000000, 0x0000000100000000)
  region size 1024K, 115 young (117760K), 10 survivors (10240K)
 Metaspace       used 92257K, capacity 94598K, committed 94720K, reserved 1130496K
  class space    used 12104K, capacity 13011K, committed 13056K, reserved 1048576K
}
Event: 16.515 GC heap after
{Heap after GC invocations=18 (full 0):
 garbage-first heap   total 258048K, used 86565K [0x0000000080000000, 0x0000000100000000)
  region size 1024K, 9 young (9216K), 9 survivors (9216K)
 Metaspace       used 92257K, capacity 94598K, committed 94720K, reserved 1130496K
  class space    used 12104K, capacity 13011K, committed 13056K, reserved 1048576K
}
Event: 17.673 GC heap before
{Heap before GC invocations=18 (full 0):
 garbage-first heap   total 258048K, used 192037K [0x0000000080000000, 0x0000000100000000)
  region size 1024K, 113 young (115712K), 9 survivors (9216K)
 Metaspace       used 97467K, capacity 99936K, committed 100096K, reserved 1136640K
  class space    used 12796K, capacity 13751K, committed 13824K, reserved 1048576K
}
Event: 17.683 GC heap after
{Heap after GC invocations=19 (full 0):
 garbage-first heap   total 258048K, used 90976K [0x0000000080000000, 0x0000000100000000)
  region size 1024K, 7 young (7168K), 7 survivors (7168K)
 Metaspace       used 97467K, capacity 99936K, committed 100096K, reserved 1136640K
  class space    used 12796K, capacity 13751K, committed 13824K, reserved 1048576K
}

